
ROM used:   221/8192 (3%)
            221/8192 (3%) including unused fragments

            0.3 Average locations per line
            5.7 Average locations per statement

RAM used:   8/368 (2%) at main() level
            8/368 (2%) worst case

Stack used: 1 worst case (1 in main + 0 for interrupts)
Stack size: 8

Lines Stmts  %   Files
----- ----- ---  -----
   58    39 100  p5.c
  768     0   0  ..\..\Program Files (x86)\PICC\Devices\16F887.h
----- -----
  826    39 Total

Page ROM  %  RAM   Vol Diff  Functions:
---- --- --- ---   --- ----  ----------
0     21  10    1             @delay_ms1
0    196  89    2  1116  5.8  main
 Inline         0             @cinit1

Program metrics:
    Functions               1
    Statements              39
    Comments                154
    Volume (V)              1121
    Difficulty (D)          5.7
    Effort to implement (E) 6397
    Time to implement (T)   6 minutes
    Est Delivered Bugs (B)  0
    Cyclomatic Complexity   2
    Maintainability (MI)    93

 Segment     Used  Free
-----------  ----  ----
00000-00003     4  0  
00004-007FF   217  1827  
00800-00FFF     0  2048  
01000-017FF     0  2048  
01800-01FFF     0  2048  



